<?xml version="1.0" encoding="UTF-8"?>
<!-- Generated by org.testng.reporters.JUnitReportReporter -->
<testsuite skipped="0" hostname="DESKTOP-3EK6SA7" name="com.mytest.Amazon_a" tests="1" failures="0" timestamp="2020-09-24T16:36:47 IST" time="31.602" errors="0">
  <testcase name="AmazonRegistertest" time="31.602" classname="com.mytest.Amazon_a"/>
  <system-out/>
</testsuite> <!-- com.mytest.Amazon_a -->
